\BOOKMARK [0][-]{chapter.1}{\376\377\000D\000e\000s\000c\000r\000i\000p\000t\000i\000o\000n}{}% 1
\BOOKMARK [1][-]{section.1.1}{\376\377\000B\000o\000x\000\040\000C\000o\000u\000n\000t\000i\000n\000g\000\040\000a\000l\000g\000o\000r\000i\000t\000h\000m}{chapter.1}% 2
\BOOKMARK [2][-]{subsection.1.1.1}{\376\377\000B\000o\000x\000C\000o\000u\000n\000t\000i\000n\000g\000\040\000a\000l\000g\000o\000r\000i\000t\000h\000m\000:}{section.1.1}% 3
\BOOKMARK [2][-]{subsection.1.1.2}{\376\377\000E\000x\000a\000m\000p\000l\000e}{section.1.1}% 4
\BOOKMARK [1][-]{section.1.2}{\376\377\000F\000i\000x\000e\000d\000\040\000S\000i\000z\000e\000\040\000B\000o\000x\000\040\000C\000o\000u\000n\000t\000i\000n\000g\000\040\000A\000l\000g\000o\000r\000i\000t\000h\000m}{chapter.1}% 5
\BOOKMARK [2][-]{subsection.1.2.1}{\376\377\000B\000o\000x\000\040\000C\000o\000u\000n\000t\000i\000n\000g\000\040\000F\000i\000x\000e\000d\000\040\000S\000i\000z\000e\000\040\000m\000o\000d\000u\000l\000e}{section.1.2}% 6
\BOOKMARK [2][-]{subsection.1.2.2}{\376\377\000E\000x\000a\000m\000p\000l\000e}{section.1.2}% 7
\BOOKMARK [1][-]{section.1.3}{\376\377\000C\000B\000B\000A\000l\000g\000o\000r\000i\000t\000h\000m\000\040\000p\000a\000c\000k\000a\000g\000e}{chapter.1}% 8
\BOOKMARK [2][-]{subsection.1.3.1}{\376\377\000S\000u\000b\000m\000o\000d\000u\000l\000e\000s}{section.1.3}% 9
\BOOKMARK [2][-]{subsection.1.3.2}{\376\377\000C\000B\000B\000A\000l\000g\000o\000r\000i\000t\000h\000m\000.\000C\000B\000B\000A\000l\000g\000o\000r\000i\000t\000h\000m\000\040\000m\000o\000d\000u\000l\000e}{section.1.3}% 10
\BOOKMARK [2][-]{subsection.1.3.3}{\376\377\000M\000o\000d\000u\000l\000e\000\040\000c\000o\000n\000t\000e\000n\000t\000s}{section.1.3}% 11
\BOOKMARK [1][-]{section.1.4}{\376\377\000G\000e\000n\000e\000t\000i\000c\000\040\000s\000t\000r\000a\000t\000e\000g\000y}{chapter.1}% 12
\BOOKMARK [2][-]{subsection.1.4.1}{\376\377\000G\000e\000n\000e\000t\000i\000c}{section.1.4}% 13
\BOOKMARK [2][-]{subsection.1.4.2}{\376\377\000E\000x\000a\000m\000p\000l\000e}{section.1.4}% 14
\BOOKMARK [1][-]{section.1.5}{\376\377\000S\000a\000n\000d\000B\000o\000x\000\040\000A\000l\000g\000o\000r\000i\000t\000h\000m}{chapter.1}% 15
\BOOKMARK [2][-]{subsection.1.5.1}{\376\377\000S\000B\000A\000l\000g\000o\000r\000i\000t\000h\000m}{section.1.5}% 16
\BOOKMARK [2][-]{subsection.1.5.2}{\376\377\000E\000x\000a\000m\000p\000l\000e}{section.1.5}% 17
\BOOKMARK [1][-]{section.1.6}{\376\377\000S\000i\000m\000u\000l\000a\000t\000e\000d\000\040\000A\000n\000n\000e\000a\000l\000i\000n\000g\000\040\000s\000t\000r\000a\000t\000e\000g\000y}{chapter.1}% 18
\BOOKMARK [2][-]{subsection.1.6.1}{\376\377\000S\000i\000m\000u\000l\000a\000t\000e\000d\000A\000n\000n\000e\000a\000l\000i\000n\000g\000.\000S\000i\000m\000u\000l\000a\000t\000e\000d\000A\000n\000n\000e\000a\000l\000i\000n\000g\000\040\000m\000o\000d\000u\000l\000e}{section.1.6}% 19
\BOOKMARK [2][-]{subsection.1.6.2}{\376\377\000E\000x\000a\000m\000p\000l\000e}{section.1.6}% 20
\BOOKMARK [1][-]{section.1.7}{\376\377\000r\000o\000b\000u\000s\000t\000n\000e\000s\000s\000\040\000p\000a\000c\000k\000a\000g\000e}{chapter.1}% 21
\BOOKMARK [2][-]{subsection.1.7.1}{\376\377\000S\000u\000b\000m\000o\000d\000u\000l\000e\000s}{section.1.7}% 22
\BOOKMARK [2][-]{subsection.1.7.2}{\376\377\000r\000o\000b\000u\000s\000t\000n\000e\000s\000s\000.\000r\000o\000b\000u\000s\000t\000n\000e\000s\000s\000\040\000m\000o\000d\000u\000l\000e}{section.1.7}% 23
\BOOKMARK [2][-]{subsection.1.7.3}{\376\377\000M\000o\000d\000u\000l\000e\000\040\000c\000o\000n\000t\000e\000n\000t\000s}{section.1.7}% 24
\BOOKMARK [1][-]{section.1.8}{\376\377\000u\000t\000i\000l\000s\000\040\000p\000a\000c\000k\000a\000g\000e}{chapter.1}% 25
\BOOKMARK [2][-]{subsection.1.8.1}{\376\377\000S\000u\000b\000m\000o\000d\000u\000l\000e\000s}{section.1.8}% 26
\BOOKMARK [2][-]{subsection.1.8.2}{\376\377\000u\000t\000i\000l\000s\000.\000u\000t\000i\000l\000s\000\040\000m\000o\000d\000u\000l\000e}{section.1.8}% 27
\BOOKMARK [2][-]{subsection.1.8.3}{\376\377\000M\000o\000d\000u\000l\000e\000\040\000c\000o\000n\000t\000e\000n\000t\000s}{section.1.8}% 28
\BOOKMARK [0][-]{chapter.2}{\376\377\000R\000e\000q\000u\000e\000r\000i\000m\000e\000n\000t\000s}{}% 29
\BOOKMARK [0][-]{chapter.3}{\376\377\000I\000n\000d\000i\000c\000e\000s\000\040\000a\000n\000d\000\040\000t\000a\000b\000l\000e\000s}{}% 30
\BOOKMARK [0][-]{section*.25}{\376\377\000P\000y\000t\000h\000o\000n\000\040\000M\000o\000d\000u\000l\000e\000\040\000I\000n\000d\000e\000x}{}% 31
\BOOKMARK [0][-]{section*.26}{\376\377\000I\000n\000d\000e\000x}{}% 32
